[debug] [2023-11-04T11:03:30.943Z] ----------------------------------------------------------------------
[debug] [2023-11-04T11:03:30.948Z] Command:       C:\Program Files\nodejs\node.exe C:\Users\Usuario\AppData\Roaming\npm\node_modules\firebase-tools\lib\bin\firebase.js init
[debug] [2023-11-04T11:03:30.949Z] CLI Version:   12.6.2
[debug] [2023-11-04T11:03:30.950Z] Platform:      win32
[debug] [2023-11-04T11:03:30.950Z] Node Version:  v18.17.1
[debug] [2023-11-04T11:03:30.952Z] Time:          Sat Nov 04 2023 06:03:30 GMT-0500 (hora estándar de Perú)
[debug] [2023-11-04T11:03:30.952Z] ----------------------------------------------------------------------
[debug] 
[debug] [2023-11-04T11:03:31.136Z] > command requires scopes: ["email","openid","https://www.googleapis.com/auth/cloudplatformprojects.readonly","https://www.googleapis.com/auth/firebase","https://www.googleapis.com/auth/cloud-platform"]
[debug] [2023-11-04T11:03:31.137Z] > authorizing via signed-in user (damaristasayco13@gmail.com)
[info] 
     ######## #### ########  ######## ########     ###     ######  ########
     ##        ##  ##     ## ##       ##     ##  ##   ##  ##       ##
     ######    ##  ########  ######   ########  #########  ######  ######
     ##        ##  ##    ##  ##       ##     ## ##     ##       ## ##
     ##       #### ##     ## ######## ########  ##     ##  ######  ########

You're about to initialize a Firebase project in this directory:

  C:\Users\Usuario\Downloads\fastporte (1)\fastporte\flashporte\FlashPorte

Before we get started, keep in mind:

  * You are initializing within an existing Firebase project directory

[debug] [2023-11-04T11:03:59.640Z] ----------------------------------------------------------------------
[debug] [2023-11-04T11:03:59.644Z] Command:       C:\Program Files\nodejs\node.exe C:\Users\Usuario\AppData\Roaming\npm\node_modules\firebase-tools\lib\bin\firebase.js init hosting
[debug] [2023-11-04T11:03:59.644Z] CLI Version:   12.6.2
[debug] [2023-11-04T11:03:59.645Z] Platform:      win32
[debug] [2023-11-04T11:03:59.645Z] Node Version:  v18.17.1
[debug] [2023-11-04T11:03:59.647Z] Time:          Sat Nov 04 2023 06:03:59 GMT-0500 (hora estándar de Perú)
[debug] [2023-11-04T11:03:59.647Z] ----------------------------------------------------------------------
[debug] 
[debug] [2023-11-04T11:03:59.795Z] > command requires scopes: ["email","openid","https://www.googleapis.com/auth/cloudplatformprojects.readonly","https://www.googleapis.com/auth/firebase","https://www.googleapis.com/auth/cloud-platform"]
[debug] [2023-11-04T11:03:59.796Z] > authorizing via signed-in user (damaristasayco13@gmail.com)
[info] 
     ######## #### ########  ######## ########     ###     ######  ########
     ##        ##  ##     ## ##       ##     ##  ##   ##  ##       ##
     ######    ##  ########  ######   ########  #########  ######  ######
     ##        ##  ##    ##  ##       ##     ## ##     ##       ## ##
     ##       #### ##     ## ######## ########  ##     ##  ######  ########

You're about to initialize a Firebase project in this directory:

  C:\Users\Usuario\Downloads\fastporte (1)\fastporte\flashporte\FLASHPORTE

Before we get started, keep in mind:

  * You are initializing within an existing Firebase project directory

[info] 
=== Project Setup
[info] 
[info] First, let's associate this project directory with a Firebase project.
[info] You can create multiple project aliases by running firebase use --add, 
[info] but for now we'll just set up a default project.
[info] 
[debug] [2023-11-04T11:04:01.768Z] Using project from CLI flag: fastporte-ccb38
[debug] [2023-11-04T11:04:01.773Z] >>> [apiv2][query] GET https://firebase.googleapis.com/v1beta1/projects/fastporte-ccb38 [none]
[debug] [2023-11-04T11:04:02.297Z] <<< [apiv2][status] GET https://firebase.googleapis.com/v1beta1/projects/fastporte-ccb38 200
[debug] [2023-11-04T11:04:02.297Z] <<< [apiv2][body] GET https://firebase.googleapis.com/v1beta1/projects/fastporte-ccb38 {"projectId":"fastporte-ccb38","projectNumber":"782867113233","displayName":"FastPorte","name":"projects/fastporte-ccb38","resources":{"hostingSite":"fastporte-ccb38"},"state":"ACTIVE","etag":"1_c72f49ab-1bcc-43a3-903c-b0adb4a12eea"}
[info] i  Using project fastporte-ccb38 (FastPorte) 
[info] 
=== Hosting Setup
